[layout] Loaded 12 rooms from /Users/szy/Library/Mobile Documents/com~apple~CloudDocs/2025/HiMCM-2025/HiMCMing/NFLS/GraphEvac/layout/baseline.json
[output] Saving visualization artifacts under output/layout_baseline_floors_2_resp_F1-F2_occ_60_red_per_responder_all_rooms_emp_default
[params] {'layout_file': '/Users/szy/Library/Mobile Documents/com~apple~CloudDocs/2025/HiMCM-2025/HiMCMing/NFLS/GraphEvac/layout/baseline.json', 'redundancy_mode': 'per_responder_all_rooms', 'empirical_mode': None, 'base_check_time': 30.0, 'time_per_occupant': 8.0, 'walk_speed': 0.6, 'occupant_speed_high': 0.5, 'occupant_speed_low': 0.3, 'responder_speed_search': 0.6, 'responder_speed_carry': 0.25, 'carry_capacity': 3, 'comm_success': 0.85, 'egress_distance_factor': 0.3, 'responder_view': 15.0, 'responder_alpha': 0.2, 'responder_H_limit': 0.7, 'responder_detection_prob': 1.0, 'responders': ['F1', 'F2'], 'start_node': {'F1': 'E_L_F1', 'F2': 'E_R_F1'}, 'room_count': 12, 'total_occupants': 60, 'run_mode': 'ilp', 'floors': 2, 'floor_spacing': 60.0, 'exits': ['E_L_F1', 'E_L_F2', 'E_R_F1', 'E_R_F2']}
[config] Effective simulation configuration:
  - base_check_time: 30.0
  - carry_capacity: 3
  - comm_success: 0.85
  - egress_distance_factor: 0.3
  - empirical_mode: None
  - layout_file: /Users/szy/Library/Mobile Documents/com~apple~CloudDocs/2025/HiMCM-2025/HiMCMing/NFLS/GraphEvac/layout/baseline.json
  - occupant_speed_high: 0.5
  - occupant_speed_low: 0.3
  - redundancy_mode: per_responder_all_rooms
  - responder_speed_carry: 0.25
  - responder_speed_search: 0.6
  - responders: ['F1', 'F2']
  - room_count: 12
  - run_mode: ilp
  - start_node: {'F1': 'E_L_F1', 'F2': 'E_R_F1'}
  - time_per_occupant: 8.0
  - total_occupants: 60
  - walk_speed: 0.6
  - responder_view: 15.0
  - responder_alpha: 0.2
  - responder_H_limit: 0.7
  - responder_detection_prob: 1.0
  - floors: 2
  - floor_spacing: 60.0
[log 00:00:26] F1 rescues occupant in R3_F1 -> E_L_F1
[log 00:01:29] F1 delivered occupant to E_L_F1
[log 00:01:55] F1 rescues occupant in R3_F1 -> E_L_F1
[log 00:02:57] F1 delivered occupant to E_L_F1
[log 00:03:24] F1 rescues occupant in R3_F1 -> E_L_F1
[log 00:04:26] F1 delivered occupant to E_L_F1
[log 00:04:52] F1 rescues occupant in R3_F1 -> E_L_F1
[log 00:05:55] F1 delivered occupant to E_L_F1
[log 00:06:21] F1 rescues occupant in R3_F1 -> E_L_F1
[log 00:07:24] F1 delivered occupant to E_L_F1
[log 00:08:34] F1 cleared R3_F1
[log 00:00:25] F2 rescues occupant in R2_F1 -> E_R_F1
[log 00:01:23] F2 delivered occupant to E_R_F1
[log 00:01:48] F2 rescues occupant in R2_F1 -> E_R_F1
[log 00:02:47] F2 delivered occupant to E_R_F1
[log 00:03:11] F2 rescues occupant in R2_F1 -> E_R_F1
[log 00:04:10] F2 delivered occupant to E_R_F1
[log 00:04:35] F2 rescues occupant in R2_F1 -> E_R_F1
[log 00:05:33] F2 delivered occupant to E_R_F1
[log 00:05:58] F2 rescues occupant in R2_F1 -> E_R_F1
[log 00:06:57] F2 delivered occupant to E_R_F1
[log 00:08:07] F2 cleared R2_F1
[log 00:08:22] F2 rescues occupant in R5_F1 -> E_R_F1
[log 00:09:20] F2 delivered occupant to E_R_F1
[log 00:09:45] F2 rescues occupant in R5_F1 -> E_R_F1
[log 00:10:44] F2 delivered occupant to E_R_F1
[log 00:11:08] F2 rescues occupant in R5_F1 -> E_R_F1
[log 00:12:07] F2 delivered occupant to E_R_F1
[log 00:12:32] F2 rescues occupant in R5_F1 -> E_R_F1
[log 00:13:30] F2 delivered occupant to E_R_F1
[log 00:13:55] F2 rescues occupant in R5_F1 -> E_R_F1
[log 00:14:54] F2 delivered occupant to E_R_F1
[log 00:16:04] F2 cleared R5_F1
[log 00:08:49] F1 rescues occupant in R0_F1 -> E_L_F1
[log 00:09:51] F1 delivered occupant to E_L_F1
[log 00:10:17] F1 rescues occupant in R0_F1 -> E_L_F1
[log 00:11:20] F1 delivered occupant to E_L_F1
[log 00:11:46] F1 rescues occupant in R0_F1 -> E_L_F1
[log 00:12:49] F1 delivered occupant to E_L_F1
[log 00:13:15] F1 rescues occupant in R0_F1 -> E_L_F1
[log 00:14:18] F1 delivered occupant to E_L_F1
[log 00:14:44] F1 rescues occupant in R0_F1 -> E_L_F1
[log 00:15:46] F1 delivered occupant to E_L_F1
[log 00:16:56] F1 cleared R0_F1
[log 00:16:54] F2 rescues occupant in R4_F1 -> E_R_F1
[log 00:19:51] F2 delivered occupant to E_R_F1
[log 00:21:04] F2 rescues occupant in R4_F1 -> E_R_F1
[log 00:24:01] F2 delivered occupant to E_R_F1
[log 00:25:15] F2 rescues occupant in R4_F1 -> E_R_F1
[log 00:28:12] F2 delivered occupant to E_R_F1
[log 00:29:26] F2 rescues occupant in R4_F1 -> E_R_F1
[log 00:32:23] F2 delivered occupant to E_R_F1
[log 00:33:36] F2 rescues occupant in R4_F1 -> E_R_F1
[log 00:36:33] F2 delivered occupant to E_R_F1
[log 00:37:43] F2 cleared R4_F1
[log 00:19:29] F1 rescues occupant in R3_F2 -> E_L_F2
[log 00:20:31] F1 delivered occupant to E_L_F2
[log 00:20:57] F1 rescues occupant in R3_F2 -> E_L_F2
[log 00:22:00] F1 delivered occupant to E_L_F2
[log 00:22:26] F1 rescues occupant in R3_F2 -> E_L_F2
[log 00:23:29] F1 delivered occupant to E_L_F2
[log 00:23:55] F1 rescues occupant in R3_F2 -> E_L_F2
[log 00:24:57] F1 delivered occupant to E_L_F2
[log 00:25:23] F1 rescues occupant in R3_F2 -> E_L_F2
[log 00:26:26] F1 delivered occupant to E_L_F2
[log 00:27:36] F1 cleared R3_F2
[log 00:27:51] F1 rescues occupant in R0_F2 -> E_L_F2
[log 00:28:54] F1 delivered occupant to E_L_F2
[log 00:29:20] F1 rescues occupant in R0_F2 -> E_L_F2
[log 00:30:23] F1 delivered occupant to E_L_F2
[log 00:30:49] F1 rescues occupant in R0_F2 -> E_L_F2
[log 00:31:51] F1 delivered occupant to E_L_F2
[log 00:32:17] F1 rescues occupant in R0_F2 -> E_L_F2
[log 00:33:20] F1 delivered occupant to E_L_F2
[log 00:33:46] F1 rescues occupant in R0_F2 -> E_L_F2
[log 00:34:49] F1 delivered occupant to E_L_F2
[log 00:35:59] F1 cleared R0_F2
[log 00:37:58] F2 rescues occupant in R1_F1 -> E_R_F1
[log 00:40:55] F2 delivered occupant to E_R_F1
[log 00:42:09] F2 rescues occupant in R1_F1 -> E_R_F1
[log 00:45:06] F2 delivered occupant to E_R_F1
[log 00:46:20] F2 rescues occupant in R1_F1 -> E_R_F1
[log 00:49:16] F2 delivered occupant to E_R_F1
[log 00:50:30] F2 rescues occupant in R1_F1 -> E_R_F1
[log 00:53:27] F2 delivered occupant to E_R_F1
[log 00:54:41] F2 rescues occupant in R1_F1 -> E_R_F1
[log 00:57:38] F2 delivered occupant to E_R_F1
[log 00:58:48] F2 cleared R1_F1
[log 01:02:06] F2 rescues occupant in R5_F2 -> E_R_F2
[log 01:03:05] F2 delivered occupant to E_R_F2
[log 01:03:29] F2 rescues occupant in R5_F2 -> E_R_F2
[log 01:04:28] F2 delivered occupant to E_R_F2
[log 01:04:53] F2 rescues occupant in R5_F2 -> E_R_F2
[log 01:05:51] F2 delivered occupant to E_R_F2
[log 01:06:16] F2 rescues occupant in R5_F2 -> E_R_F2
[log 01:07:15] F2 delivered occupant to E_R_F2
[log 01:07:39] F2 rescues occupant in R5_F2 -> E_R_F2
[log 01:08:38] F2 delivered occupant to E_R_F2
[log 01:09:48] F2 cleared R5_F2
[log 01:10:03] F2 rescues occupant in R2_F2 -> E_R_F2
[log 01:11:02] F2 delivered occupant to E_R_F2
[log 01:11:26] F2 rescues occupant in R2_F2 -> E_R_F2
[log 01:12:25] F2 delivered occupant to E_R_F2
[log 01:12:50] F2 rescues occupant in R2_F2 -> E_R_F2
[log 01:13:49] F2 delivered occupant to E_R_F2
[log 01:14:13] F2 rescues occupant in R2_F2 -> E_R_F2
[log 01:15:12] F2 delivered occupant to E_R_F2
[log 01:15:36] F2 rescues occupant in R2_F2 -> E_R_F2
[log 01:16:35] F2 delivered occupant to E_R_F2
[log 01:17:45] F2 cleared R2_F2
[log 01:18:35] F2 rescues occupant in R1_F2 -> E_R_F2
[log 01:21:32] F2 delivered occupant to E_R_F2
[log 01:22:46] F2 rescues occupant in R1_F2 -> E_R_F2
[log 01:25:43] F2 delivered occupant to E_R_F2
[log 01:26:56] F2 rescues occupant in R1_F2 -> E_R_F2
[log 01:29:53] F2 delivered occupant to E_R_F2
[log 01:31:07] F2 rescues occupant in R1_F2 -> E_R_F2
[log 01:34:04] F2 delivered occupant to E_R_F2
[log 01:35:18] F2 rescues occupant in R1_F2 -> E_R_F2
[log 01:38:15] F2 delivered occupant to E_R_F2
[log 01:39:25] F2 cleared R1_F2
[log 01:39:40] F2 rescues occupant in R4_F2 -> E_R_F2
[log 01:42:37] F2 delivered occupant to E_R_F2
[log 01:43:50] F2 rescues occupant in R4_F2 -> E_R_F2
[log 01:46:47] F2 delivered occupant to E_R_F2
[log 01:48:01] F2 rescues occupant in R4_F2 -> E_R_F2
[log 01:50:58] F2 delivered occupant to E_R_F2
[log 01:52:12] F2 rescues occupant in R4_F2 -> E_R_F2
[log 01:55:08] F2 delivered occupant to E_R_F2
[log 01:56:22] F2 rescues occupant in R4_F2 -> E_R_F2
[log 01:59:19] F2 delivered occupant to E_R_F2
[log 02:00:29] F2 cleared R4_F2
=== ILP Result ===
Status: GREEDY
Optimal total time (s): 1016.4498540074603
Optimal total time (HH:MM:SS): 00:16:56

Responder F1:
  Time (s): 514.4030650891054
  Time (HH:MM:SS): 00:08:34
  Assigned rooms: ['R0_F1', 'R3_F1', 'R0_F2', 'R3_F2']
  Path:
    E_L_F1 -> R3_F1
    R3_F1 -> R0_F1
    R0_F1 -> R3_F2
    R3_F2 -> R0_F2
    R0_F2 -> G_F1

Responder F2:
  Time (s): 1016.4498540074603
  Time (HH:MM:SS): 00:16:56
  Assigned rooms: ['R1_F1', 'R2_F1', 'R4_F1', 'R5_F1', 'R1_F2', 'R2_F2', 'R4_F2', 'R5_F2']
  Path:
    E_R_F1 -> R2_F1
    R2_F1 -> R5_F1
    R5_F1 -> R4_F1
    R4_F1 -> R1_F1
    R1_F1 -> R5_F2
    R5_F2 -> R2_F2
    R2_F2 -> R1_F2
    R1_F2 -> R4_F2
    R4_F2 -> G_F2

=== Global summary ===
Total sweep time (makespan): 00:16:56
F1 order: E_L_F1 -> R3_F1 -> R0_F1 -> R3_F2 -> R0_F2 -> G_F1
F2 order: E_R_F1 -> R2_F1 -> R5_F1 -> R4_F1 -> R1_F1 -> R5_F2 -> R2_F2 -> R1_F2 -> R4_F2 -> G_F2

Global first-clear order (by time):
  R2_F1: 00:01:35 by F2
  R3_F1: 00:01:36 by F1
  R5_F1: 00:03:00 by F2
  R0_F1: 00:03:01 by F1
  R4_F1: 00:05:00 by F2
  R1_F1: 00:06:25 by F2
  R3_F2: 00:06:43 by F1
  R0_F2: 00:08:08 by F1
  R5_F2: 00:10:53 by F2
  R2_F2: 00:12:18 by F2
  R1_F2: 00:14:18 by F2
  R4_F2: 00:15:43 by F2
Full first-clear order: R2_F1 -> R3_F1 -> R5_F1 -> R0_F1 -> R4_F1 -> R1_F1 -> R3_F2 -> R0_F2 -> R5_F2 -> R2_F2 -> R1_F2 -> R4_F2

Generating figures under output/layout_baseline_floors_2_resp_F1-F2_occ_60_red_per_responder_all_rooms_emp_default ...
Saved: output/layout_baseline_floors_2_resp_F1-F2_occ_60_red_per_responder_all_rooms_emp_default/topo_paths.png, output/layout_baseline_floors_2_resp_F1-F2_occ_60_red_per_responder_all_rooms_emp_default/gantt.png, output/layout_baseline_floors_2_resp_F1-F2_occ_60_red_per_responder_all_rooms_emp_default/anim.gif
