[layout] Loaded 6 rooms from /Users/szy/Library/Mobile Documents/com~apple~CloudDocs/2025/HiMCM-2025/HiMCMing/NFLS/GraphEvac/layout/baseline.json
[output] Saving visualization artifacts under output/layout_baseline_floors_1_resp_F1-F2_occ_30_red_per_responder_all_rooms_emp_default
[params] {'layout_file': '/Users/szy/Library/Mobile Documents/com~apple~CloudDocs/2025/HiMCM-2025/HiMCMing/NFLS/GraphEvac/layout/baseline.json', 'redundancy_mode': 'per_responder_all_rooms', 'empirical_mode': None, 'base_check_time': 30.0, 'time_per_occupant': 8.0, 'walk_speed': 0.6, 'occupant_speed_high': 0.5, 'occupant_speed_low': 0.3, 'responder_speed_search': 0.6, 'responder_speed_carry': 0.25, 'carry_capacity': 3, 'comm_success': 0.85, 'egress_distance_factor': 0.3, 'responder_view': 15.0, 'responder_alpha': 0.2, 'responder_H_limit': 0.7, 'responder_detection_prob': 1.0, 'responders': ['F1', 'F2'], 'start_node': {'F1': 'E_L', 'F2': 'E_R'}, 'room_count': 6, 'total_occupants': 30, 'run_mode': 'ilp', 'floors': 1, 'floor_spacing': 60.0, 'exits': ['E_L', 'E_R']}
[config] Effective simulation configuration:
  - base_check_time: 30.0
  - carry_capacity: 3
  - comm_success: 0.85
  - egress_distance_factor: 0.3
  - empirical_mode: None
  - layout_file: /Users/szy/Library/Mobile Documents/com~apple~CloudDocs/2025/HiMCM-2025/HiMCMing/NFLS/GraphEvac/layout/baseline.json
  - occupant_speed_high: 0.5
  - occupant_speed_low: 0.3
  - redundancy_mode: per_responder_all_rooms
  - responder_speed_carry: 0.25
  - responder_speed_search: 0.6
  - responders: ['F1', 'F2']
  - room_count: 6
  - run_mode: ilp
  - start_node: {'F1': 'E_L', 'F2': 'E_R'}
  - time_per_occupant: 8.0
  - total_occupants: 30
  - walk_speed: 0.6
  - responder_view: 15.0
  - responder_alpha: 0.2
  - responder_H_limit: 0.7
  - responder_detection_prob: 1.0
  - floors: 1
  - floor_spacing: 60.0
[log 00:00:26] F1 rescues occupant in R3 -> E_L
[log 00:01:29] F1 delivered occupant to E_L
[log 00:01:55] F1 rescues occupant in R3 -> E_L
[log 00:02:57] F1 delivered occupant to E_L
[log 00:03:24] F1 rescues occupant in R3 -> E_L
[log 00:04:26] F1 delivered occupant to E_L
[log 00:04:52] F1 rescues occupant in R3 -> E_L
[log 00:05:55] F1 delivered occupant to E_L
[log 00:06:21] F1 rescues occupant in R3 -> E_L
[log 00:07:24] F1 delivered occupant to E_L
[log 00:08:34] F1 cleared R3
[log 00:00:25] F2 rescues occupant in R5 -> E_R
[log 00:01:23] F2 delivered occupant to E_R
[log 00:01:48] F2 rescues occupant in R5 -> E_R
[log 00:02:47] F2 delivered occupant to E_R
[log 00:03:11] F2 rescues occupant in R5 -> E_R
[log 00:04:10] F2 delivered occupant to E_R
[log 00:04:35] F2 rescues occupant in R5 -> E_R
[log 00:05:33] F2 delivered occupant to E_R
[log 00:05:58] F2 rescues occupant in R5 -> E_R
[log 00:06:57] F2 delivered occupant to E_R
[log 00:08:07] F2 cleared R5
[log 00:08:22] F2 rescues occupant in R2 -> E_R
[log 00:09:20] F2 delivered occupant to E_R
[log 00:09:45] F2 rescues occupant in R2 -> E_R
[log 00:10:44] F2 delivered occupant to E_R
[log 00:11:08] F2 rescues occupant in R2 -> E_R
[log 00:12:07] F2 delivered occupant to E_R
[log 00:12:32] F2 rescues occupant in R2 -> E_R
[log 00:13:30] F2 delivered occupant to E_R
[log 00:13:55] F2 rescues occupant in R2 -> E_R
[log 00:14:54] F2 delivered occupant to E_R
[log 00:16:04] F2 cleared R2
[log 00:08:49] F1 rescues occupant in R0 -> E_L
[log 00:09:51] F1 delivered occupant to E_L
[log 00:10:17] F1 rescues occupant in R0 -> E_L
[log 00:11:20] F1 delivered occupant to E_L
[log 00:11:46] F1 rescues occupant in R0 -> E_L
[log 00:12:49] F1 delivered occupant to E_L
[log 00:13:15] F1 rescues occupant in R0 -> E_L
[log 00:14:18] F1 delivered occupant to E_L
[log 00:14:44] F1 rescues occupant in R0 -> E_L
[log 00:15:46] F1 delivered occupant to E_L
[log 00:16:56] F1 cleared R0
[log 00:16:54] F2 rescues occupant in R1 -> E_R
[log 00:19:51] F2 delivered occupant to E_R
[log 00:21:04] F2 rescues occupant in R1 -> E_R
[log 00:24:01] F2 delivered occupant to E_R
[log 00:25:15] F2 rescues occupant in R1 -> E_R
[log 00:28:12] F2 delivered occupant to E_R
[log 00:29:26] F2 rescues occupant in R1 -> E_R
[log 00:32:23] F2 delivered occupant to E_R
[log 00:33:36] F2 rescues occupant in R1 -> E_R
[log 00:36:33] F2 delivered occupant to E_R
[log 00:37:43] F2 cleared R1
[log 00:37:58] F2 rescues occupant in R4 -> E_R
[log 00:40:55] F2 delivered occupant to E_R
[log 00:42:09] F2 rescues occupant in R4 -> E_R
[log 00:45:06] F2 delivered occupant to E_R
[log 00:46:20] F2 rescues occupant in R4 -> E_R
[log 00:49:16] F2 delivered occupant to E_R
[log 00:50:30] F2 rescues occupant in R4 -> E_R
[log 00:53:27] F2 delivered occupant to E_R
[log 00:54:41] F2 rescues occupant in R4 -> E_R
[log 00:57:38] F2 delivered occupant to E_R
[log 00:58:48] F2 cleared R4
=== ILP Result ===
Status: GREEDY
Optimal total time (s): 458.22492700373016
Optimal total time (HH:MM:SS): 00:07:38

Responder F1:
  Time (s): 207.20153254455275
  Time (HH:MM:SS): 00:03:27
  Assigned rooms: ['R0', 'R3']
  Path:
    E_L -> R3
    R3 -> R0
    R0 -> G_F1

Responder F2:
  Time (s): 458.22492700373016
  Time (HH:MM:SS): 00:07:38
  Assigned rooms: ['R1', 'R2', 'R4', 'R5']
  Path:
    E_R -> R5
    R5 -> R2
    R2 -> R1
    R1 -> R4
    R4 -> G_F2

=== Global summary ===
Total sweep time (makespan): 00:07:38
F1 order: E_L -> R3 -> R0 -> G_F1
F2 order: E_R -> R5 -> R2 -> R1 -> R4 -> G_F2

Global first-clear order (by time):
  R5: 00:01:35 by F2
  R3: 00:01:36 by F1
  R2: 00:03:00 by F2
  R0: 00:03:01 by F1
  R1: 00:05:00 by F2
  R4: 00:06:25 by F2
Full first-clear order: R5 -> R3 -> R2 -> R0 -> R1 -> R4

Generating figures under output/layout_baseline_floors_1_resp_F1-F2_occ_30_red_per_responder_all_rooms_emp_default ...
Saved: output/layout_baseline_floors_1_resp_F1-F2_occ_30_red_per_responder_all_rooms_emp_default/topo_paths.png, output/layout_baseline_floors_1_resp_F1-F2_occ_30_red_per_responder_all_rooms_emp_default/gantt.png, output/layout_baseline_floors_1_resp_F1-F2_occ_30_red_per_responder_all_rooms_emp_default/anim.gif
[layout] Loaded 6 rooms from /Users/szy/Library/Mobile Documents/com~apple~CloudDocs/2025/HiMCM-2025/HiMCMing/NFLS/GraphEvac/layout/baseline.json
[output] Saving visualization artifacts under output/layout_baseline_floors_1_resp_F1-F2_occ_30_red_per_responder_all_rooms_emp_default
[params] {'layout_file': '/Users/szy/Library/Mobile Documents/com~apple~CloudDocs/2025/HiMCM-2025/HiMCMing/NFLS/GraphEvac/layout/baseline.json', 'redundancy_mode': 'per_responder_all_rooms', 'empirical_mode': None, 'base_check_time': 30.0, 'time_per_occupant': 8.0, 'walk_speed': 0.6, 'occupant_speed_high': 0.5, 'occupant_speed_low': 0.3, 'responder_speed_search': 0.6, 'responder_speed_carry': 0.25, 'carry_capacity': 3, 'comm_success': 0.85, 'egress_distance_factor': 0.3, 'responder_view': 15.0, 'responder_alpha': 0.2, 'responder_H_limit': 0.7, 'responder_detection_prob': 1.0, 'responders': ['F1', 'F2'], 'start_node': {'F1': 'E_L', 'F2': 'E_R'}, 'room_count': 6, 'total_occupants': 30, 'run_mode': 'ilp', 'floors': 1, 'floor_spacing': 60.0, 'exits': ['E_L', 'E_R']}
[config] Effective simulation configuration:
  - base_check_time: 30.0
  - carry_capacity: 3
  - comm_success: 0.85
  - egress_distance_factor: 0.3
  - empirical_mode: None
  - layout_file: /Users/szy/Library/Mobile Documents/com~apple~CloudDocs/2025/HiMCM-2025/HiMCMing/NFLS/GraphEvac/layout/baseline.json
  - occupant_speed_high: 0.5
  - occupant_speed_low: 0.3
  - redundancy_mode: per_responder_all_rooms
  - responder_speed_carry: 0.25
  - responder_speed_search: 0.6
  - responders: ['F1', 'F2']
  - room_count: 6
  - run_mode: ilp
  - start_node: {'F1': 'E_L', 'F2': 'E_R'}
  - time_per_occupant: 8.0
  - total_occupants: 30
  - walk_speed: 0.6
  - responder_view: 15.0
  - responder_alpha: 0.2
  - responder_H_limit: 0.7
  - responder_detection_prob: 1.0
  - floors: 1
  - floor_spacing: 60.0
[log 00:00:26] F1 rescues occupant in R3 -> E_L
[log 00:01:29] F1 delivered occupant to E_L
[log 00:01:55] F1 rescues occupant in R3 -> E_L
[log 00:02:57] F1 delivered occupant to E_L
[log 00:03:24] F1 rescues occupant in R3 -> E_L
[log 00:04:26] F1 delivered occupant to E_L
[log 00:04:52] F1 rescues occupant in R3 -> E_L
[log 00:05:55] F1 delivered occupant to E_L
[log 00:06:21] F1 rescues occupant in R3 -> E_L
[log 00:07:24] F1 delivered occupant to E_L
[log 00:08:34] F1 cleared R3
[log 00:00:25] F2 rescues occupant in R5 -> E_R
[log 00:01:23] F2 delivered occupant to E_R
[log 00:01:48] F2 rescues occupant in R5 -> E_R
[log 00:02:47] F2 delivered occupant to E_R
[log 00:03:11] F2 rescues occupant in R5 -> E_R
[log 00:04:10] F2 delivered occupant to E_R
[log 00:04:35] F2 rescues occupant in R5 -> E_R
[log 00:05:33] F2 delivered occupant to E_R
[log 00:05:58] F2 rescues occupant in R5 -> E_R
[log 00:06:57] F2 delivered occupant to E_R
[log 00:08:07] F2 cleared R5
[log 00:08:22] F2 rescues occupant in R2 -> E_R
[log 00:09:20] F2 delivered occupant to E_R
[log 00:09:45] F2 rescues occupant in R2 -> E_R
[log 00:10:44] F2 delivered occupant to E_R
[log 00:11:08] F2 rescues occupant in R2 -> E_R
[log 00:12:07] F2 delivered occupant to E_R
[log 00:12:32] F2 rescues occupant in R2 -> E_R
[log 00:13:30] F2 delivered occupant to E_R
[log 00:13:55] F2 rescues occupant in R2 -> E_R
[log 00:14:54] F2 delivered occupant to E_R
[log 00:16:04] F2 cleared R2
[log 00:08:49] F1 rescues occupant in R0 -> E_L
[log 00:09:51] F1 delivered occupant to E_L
[log 00:10:17] F1 rescues occupant in R0 -> E_L
[log 00:11:20] F1 delivered occupant to E_L
[log 00:11:46] F1 rescues occupant in R0 -> E_L
[log 00:12:49] F1 delivered occupant to E_L
[log 00:13:15] F1 rescues occupant in R0 -> E_L
[log 00:14:18] F1 delivered occupant to E_L
[log 00:14:44] F1 rescues occupant in R0 -> E_L
[log 00:15:46] F1 delivered occupant to E_L
[log 00:16:56] F1 cleared R0
[log 00:16:54] F2 rescues occupant in R1 -> E_R
[log 00:19:51] F2 delivered occupant to E_R
[log 00:21:04] F2 rescues occupant in R1 -> E_R
[log 00:24:01] F2 delivered occupant to E_R
[log 00:25:15] F2 rescues occupant in R1 -> E_R
[log 00:28:12] F2 delivered occupant to E_R
[log 00:29:26] F2 rescues occupant in R1 -> E_R
[log 00:32:23] F2 delivered occupant to E_R
[log 00:33:36] F2 rescues occupant in R1 -> E_R
[log 00:36:33] F2 delivered occupant to E_R
[log 00:37:43] F2 cleared R1
[log 00:37:58] F2 rescues occupant in R4 -> E_R
[log 00:40:55] F2 delivered occupant to E_R
[log 00:42:09] F2 rescues occupant in R4 -> E_R
[log 00:45:06] F2 delivered occupant to E_R
[log 00:46:20] F2 rescues occupant in R4 -> E_R
[log 00:49:16] F2 delivered occupant to E_R
[log 00:50:30] F2 rescues occupant in R4 -> E_R
[log 00:53:27] F2 delivered occupant to E_R
[log 00:54:41] F2 rescues occupant in R4 -> E_R
[log 00:57:38] F2 delivered occupant to E_R
[log 00:58:48] F2 cleared R4
=== ILP Result ===
Status: GREEDY
Optimal total time (s): 458.22492700373016
Optimal total time (HH:MM:SS): 00:07:38

Responder F1:
  Time (s): 207.20153254455275
  Time (HH:MM:SS): 00:03:27
  Assigned rooms: ['R0', 'R3']
  Path:
    E_L -> R3
    R3 -> R0
    R0 -> G_F1

Responder F2:
  Time (s): 458.22492700373016
  Time (HH:MM:SS): 00:07:38
  Assigned rooms: ['R1', 'R2', 'R4', 'R5']
  Path:
    E_R -> R5
    R5 -> R2
    R2 -> R1
    R1 -> R4
    R4 -> G_F2

=== Global summary ===
Total sweep time (makespan): 00:07:38
F1 order: E_L -> R3 -> R0 -> G_F1
F2 order: E_R -> R5 -> R2 -> R1 -> R4 -> G_F2

Global first-clear order (by time):
  R5: 00:01:35 by F2
  R3: 00:01:36 by F1
  R2: 00:03:00 by F2
  R0: 00:03:01 by F1
  R1: 00:05:00 by F2
  R4: 00:06:25 by F2
Full first-clear order: R5 -> R3 -> R2 -> R0 -> R1 -> R4

Generating figures under output/layout_baseline_floors_1_resp_F1-F2_occ_30_red_per_responder_all_rooms_emp_default ...
[layout] Loaded 6 rooms from /Users/szy/Library/Mobile Documents/com~apple~CloudDocs/2025/HiMCM-2025/HiMCMing/NFLS/GraphEvac/layout/baseline.json
[output] Saving visualization artifacts under output/layout_baseline_floors_1_resp_F1-F2_occ_30_red_per_responder_all_rooms_emp_default
[params] {'layout_file': '/Users/szy/Library/Mobile Documents/com~apple~CloudDocs/2025/HiMCM-2025/HiMCMing/NFLS/GraphEvac/layout/baseline.json', 'redundancy_mode': 'per_responder_all_rooms', 'empirical_mode': None, 'base_check_time': 30.0, 'time_per_occupant': 8.0, 'walk_speed': 0.6, 'occupant_speed_high': 0.5, 'occupant_speed_low': 0.3, 'responder_speed_search': 0.6, 'responder_speed_carry': 0.25, 'carry_capacity': 3, 'comm_success': 0.85, 'egress_distance_factor': 0.3, 'responder_view': 15.0, 'responder_alpha': 0.2, 'responder_H_limit': 0.7, 'responder_detection_prob': 1.0, 'responders': ['F1', 'F2'], 'start_node': {'F1': 'E_L', 'F2': 'E_R'}, 'room_count': 6, 'total_occupants': 30, 'run_mode': 'ilp', 'floors': 1, 'floor_spacing': 60.0, 'exits': ['E_L', 'E_R']}
[config] Effective simulation configuration:
  - base_check_time: 30.0
  - carry_capacity: 3
  - comm_success: 0.85
  - egress_distance_factor: 0.3
  - empirical_mode: None
  - layout_file: /Users/szy/Library/Mobile Documents/com~apple~CloudDocs/2025/HiMCM-2025/HiMCMing/NFLS/GraphEvac/layout/baseline.json
  - occupant_speed_high: 0.5
  - occupant_speed_low: 0.3
  - redundancy_mode: per_responder_all_rooms
  - responder_speed_carry: 0.25
  - responder_speed_search: 0.6
  - responders: ['F1', 'F2']
  - room_count: 6
  - run_mode: ilp
  - start_node: {'F1': 'E_L', 'F2': 'E_R'}
  - time_per_occupant: 8.0
  - total_occupants: 30
  - walk_speed: 0.6
  - responder_view: 15.0
  - responder_alpha: 0.2
  - responder_H_limit: 0.7
  - responder_detection_prob: 1.0
  - floors: 1
  - floor_spacing: 60.0
[log 00:00:26] F1 rescues occupant in R3 -> E_L
[log 00:01:29] F1 delivered occupant to E_L
[log 00:01:55] F1 rescues occupant in R3 -> E_L
[log 00:02:57] F1 delivered occupant to E_L
[log 00:03:24] F1 rescues occupant in R3 -> E_L
[log 00:04:26] F1 delivered occupant to E_L
[log 00:04:52] F1 rescues occupant in R3 -> E_L
[log 00:05:55] F1 delivered occupant to E_L
[log 00:06:21] F1 rescues occupant in R3 -> E_L
[log 00:07:24] F1 delivered occupant to E_L
[log 00:08:34] F1 cleared R3
[log 00:00:25] F2 rescues occupant in R2 -> E_R
[log 00:01:23] F2 delivered occupant to E_R
[log 00:01:48] F2 rescues occupant in R2 -> E_R
[log 00:02:47] F2 delivered occupant to E_R
[log 00:03:11] F2 rescues occupant in R2 -> E_R
[log 00:04:10] F2 delivered occupant to E_R
[log 00:04:35] F2 rescues occupant in R2 -> E_R
[log 00:05:33] F2 delivered occupant to E_R
[log 00:05:58] F2 rescues occupant in R2 -> E_R
[log 00:06:57] F2 delivered occupant to E_R
[log 00:08:07] F2 cleared R2
[log 00:08:22] F2 rescues occupant in R5 -> E_R
[log 00:09:20] F2 delivered occupant to E_R
[log 00:09:45] F2 rescues occupant in R5 -> E_R
[log 00:10:44] F2 delivered occupant to E_R
[log 00:11:08] F2 rescues occupant in R5 -> E_R
[log 00:12:07] F2 delivered occupant to E_R
[log 00:12:32] F2 rescues occupant in R5 -> E_R
[log 00:13:30] F2 delivered occupant to E_R
[log 00:13:55] F2 rescues occupant in R5 -> E_R
[log 00:14:54] F2 delivered occupant to E_R
[log 00:16:04] F2 cleared R5
[log 00:08:49] F1 rescues occupant in R0 -> E_L
[log 00:09:51] F1 delivered occupant to E_L
[log 00:10:17] F1 rescues occupant in R0 -> E_L
[log 00:11:20] F1 delivered occupant to E_L
[log 00:11:46] F1 rescues occupant in R0 -> E_L
[log 00:12:49] F1 delivered occupant to E_L
[log 00:13:15] F1 rescues occupant in R0 -> E_L
[log 00:14:18] F1 delivered occupant to E_L
[log 00:14:44] F1 rescues occupant in R0 -> E_L
[log 00:15:46] F1 delivered occupant to E_L
[log 00:16:56] F1 cleared R0
[log 00:16:54] F2 rescues occupant in R4 -> E_R
[log 00:19:51] F2 delivered occupant to E_R
[log 00:21:04] F2 rescues occupant in R4 -> E_R
[log 00:24:01] F2 delivered occupant to E_R
[log 00:25:15] F2 rescues occupant in R4 -> E_R
[log 00:28:12] F2 delivered occupant to E_R
[log 00:29:26] F2 rescues occupant in R4 -> E_R
[log 00:32:23] F2 delivered occupant to E_R
[log 00:33:36] F2 rescues occupant in R4 -> E_R
[log 00:36:33] F2 delivered occupant to E_R
[log 00:37:43] F2 cleared R4
[log 00:37:58] F2 rescues occupant in R1 -> E_R
[log 00:40:55] F2 delivered occupant to E_R
[log 00:42:09] F2 rescues occupant in R1 -> E_R
[log 00:45:06] F2 delivered occupant to E_R
[log 00:46:20] F2 rescues occupant in R1 -> E_R
[log 00:49:16] F2 delivered occupant to E_R
[log 00:50:30] F2 rescues occupant in R1 -> E_R
[log 00:53:27] F2 delivered occupant to E_R
[log 00:54:41] F2 rescues occupant in R1 -> E_R
[log 00:57:38] F2 delivered occupant to E_R
[log 00:58:48] F2 cleared R1
=== ILP Result ===
Status: GREEDY
Optimal total time (s): 458.22492700373016
Optimal total time (HH:MM:SS): 00:07:38

Responder F1:
  Time (s): 207.20153254455275
  Time (HH:MM:SS): 00:03:27
  Assigned rooms: ['R0', 'R3']
  Path:
    E_L -> R3
    R3 -> R0
    R0 -> G_F1

Responder F2:
  Time (s): 458.22492700373016
  Time (HH:MM:SS): 00:07:38
  Assigned rooms: ['R1', 'R2', 'R4', 'R5']
  Path:
    E_R -> R2
    R2 -> R5
    R5 -> R4
    R4 -> R1
    R1 -> G_F2

=== Global summary ===
Total sweep time (makespan): 00:07:38
F1 order: E_L -> R3 -> R0 -> G_F1
F2 order: E_R -> R2 -> R5 -> R4 -> R1 -> G_F2

Global first-clear order (by time):
  R2: 00:01:35 by F2
  R3: 00:01:36 by F1
  R5: 00:03:00 by F2
  R0: 00:03:01 by F1
  R4: 00:05:00 by F2
  R1: 00:06:25 by F2
Full first-clear order: R2 -> R3 -> R5 -> R0 -> R4 -> R1

Generating figures under output/layout_baseline_floors_1_resp_F1-F2_occ_30_red_per_responder_all_rooms_emp_default ...
Saved: output/layout_baseline_floors_1_resp_F1-F2_occ_30_red_per_responder_all_rooms_emp_default/topo_paths.png, output/layout_baseline_floors_1_resp_F1-F2_occ_30_red_per_responder_all_rooms_emp_default/gantt.png, output/layout_baseline_floors_1_resp_F1-F2_occ_30_red_per_responder_all_rooms_emp_default/anim.gif
